<?xml version="1.0" encoding="UTF-8"?>
<!-- Generated by org.testng.reporters.JUnitReportReporter -->
<testsuite skipped="0" hostname="Davenders-MacBook-Pro.local" name="com.api.restassured.TC004_GET_JsonValidate" tests="1" failures="0" timestamp="2020-04-22T11:02:02 IST" time="3.779" errors="0">
  <testcase name="getWeatherDetails" time="3.779" classname="com.api.restassured.TC004_GET_JsonValidate"/>
</testsuite> <!-- com.api.restassured.TC004_GET_JsonValidate -->
