<?xml version="1.0" encoding="UTF-8"?>
<!-- Generated by org.testng.reporters.JUnitReportReporter -->
<testsuite skipped="0" hostname="Davenders-MacBook-Pro.local" name="com.api.restassured.TC006_GET_Authentication" tests="1" failures="0" timestamp="2020-04-22T11:01:47 IST" time="0.776" errors="0">
  <testcase name="getAuthDetails" time="0.776" classname="com.api.restassured.TC006_GET_Authentication"/>
</testsuite> <!-- com.api.restassured.TC006_GET_Authentication -->
