<?xml version="1.0" encoding="UTF-8"?>
<!-- Generated by org.testng.reporters.JUnitReportReporter -->
<testsuite skipped="0" hostname="Davenders-MacBook-Pro.local" name="com.api.restassured.TC001_GET_Request" tests="1" failures="0" timestamp="2020-04-22T11:01:52 IST" time="0.848" errors="0">
  <testcase name="getWeatherDetails" time="0.848" classname="com.api.restassured.TC001_GET_Request"/>
</testsuite> <!-- com.api.restassured.TC001_GET_Request -->
