<?xml version="1.0" encoding="UTF-8"?>
<!-- Generated by org.testng.reporters.JUnitReportReporter -->
<testsuite skipped="0" hostname="Davenders-MacBook-Pro.local" name="DataDrivenTesting.DataDrivenTest_Post" tests="4" failures="0" timestamp="2020-03-18T18:16:02 IST" time="6.221" errors="0">
  <testcase name="createNewEmployee" time="0.873" classname="DataDrivenTesting.DataDrivenTest_Post"/>
  <testcase name="createNewEmployee" time="1.031" classname="DataDrivenTesting.DataDrivenTest_Post"/>
  <testcase name="createNewEmployee" time="3.450" classname="DataDrivenTesting.DataDrivenTest_Post"/>
  <testcase name="createNewEmployee" time="0.867" classname="DataDrivenTesting.DataDrivenTest_Post"/>
</testsuite> <!-- DataDrivenTesting.DataDrivenTest_Post -->
